DEB [20151123-23:07:22.577] thr=1   paramiko.transport: starting thread (client mode): 0x6298ee50L
INF [20151123-23:07:22.603] thr=1   paramiko.transport: Connected (version 2.0, client OpenSSH_6.6.1p1)
DEB [20151123-23:07:22.626] thr=1   paramiko.transport: kex algos:['curve25519-sha256@libssh.org', 'ecdh-sha2-nistp256', 'ecdh-sha2-nistp384', 'ecdh-sha2-nistp521', 'diffie-hellman-group-exchange-sha256', 'diffie-hellman-group-exchange-sha1', 'diffie-hellman-group14-sha1', 'diffie-hellman-group1-sha1'] server key:['ssh-rsa', 'ssh-dss', 'ecdsa-sha2-nistp256', 'ssh-ed25519'] client encrypt:['aes128-ctr', 'aes192-ctr', 'aes256-ctr', 'arcfour256', 'arcfour128', 'aes128-gcm@openssh.com', 'aes256-gcm@openssh.com', 'chacha20-poly1305@openssh.com', 'aes128-cbc', '3des-cbc', 'blowfish-cbc', 'cast128-cbc', 'aes192-cbc', 'aes256-cbc', 'arcfour', 'rijndael-cbc@lysator.liu.se'] server encrypt:['aes128-ctr', 'aes192-ctr', 'aes256-ctr', 'arcfour256', 'arcfour128', 'aes128-gcm@openssh.com', 'aes256-gcm@openssh.com', 'chacha20-poly1305@openssh.com', 'aes128-cbc', '3des-cbc', 'blowfish-cbc', 'cast128-cbc', 'aes192-cbc', 'aes256-cbc', 'arcfour', 'rijndael-cbc@lysator.liu.se'] client mac:['hmac-md5-etm@openssh.com', 'hmac-sha1-etm@openssh.com', 'umac-64-etm@openssh.com', 'umac-128-etm@openssh.com', 'hmac-sha2-256-etm@openssh.com', 'hmac-sha2-512-etm@openssh.com', 'hmac-ripemd160-etm@openssh.com', 'hmac-sha1-96-etm@openssh.com', 'hmac-md5-96-etm@openssh.com', 'hmac-md5', 'hmac-sha1', 'umac-64@openssh.com', 'umac-128@openssh.com', 'hmac-sha2-256', 'hmac-sha2-512', 'hmac-ripemd160', 'hmac-ripemd160@openssh.com', 'hmac-sha1-96', 'hmac-md5-96'] server mac:['hmac-md5-etm@openssh.com', 'hmac-sha1-etm@openssh.com', 'umac-64-etm@openssh.com', 'umac-128-etm@openssh.com', 'hmac-sha2-256-etm@openssh.com', 'hmac-sha2-512-etm@openssh.com', 'hmac-ripemd160-etm@openssh.com', 'hmac-sha1-96-etm@openssh.com', 'hmac-md5-96-etm@openssh.com', 'hmac-md5', 'hmac-sha1', 'umac-64@openssh.com', 'umac-128@openssh.com', 'hmac-sha2-256', 'hmac-sha2-512', 'hmac-ripemd160', 'hmac-ripemd160@openssh.com', 'hmac-sha1-96', 'hmac-md5-96'] client compress:['none', 'zlib@openssh.com'] server compress:['none', 'zlib@openssh.com'] client lang:[''] server lang:[''] kex follows?False
DEB [20151123-23:07:22.626] thr=1   paramiko.transport: Ciphers agreed: local=aes128-ctr, remote=aes128-ctr
DEB [20151123-23:07:22.626] thr=1   paramiko.transport: using kex diffie-hellman-group1-sha1; server key type ssh-rsa; cipher: local aes128-ctr, remote aes128-ctr; mac: local hmac-sha1, remote hmac-sha1; compression: local none, remote none
DEB [20151123-23:07:22.715] thr=1   paramiko.transport: Switch to new keys ...
DEB [20151123-23:07:22.748] thr=2   paramiko.transport: Adding ssh-rsa host key for 10.40.11.123: 582bc9e204438018150415fcb4a93b09
DEB [20151123-23:07:22.752] thr=2   paramiko.transport: Trying SSH agent key 70de51150f04055612750c3a3206d20f
DEB [20151123-23:07:22.800] thr=1   paramiko.transport: userauth is OK
INF [20151123-23:07:22.843] thr=1   paramiko.transport: Authentication (publickey) failed.
DEB [20151123-23:07:22.853] thr=2   paramiko.transport: Trying SSH agent key a770933dc59f149270248e40c88fc4cf
DEB [20151123-23:07:22.877] thr=1   paramiko.transport: userauth is OK
INF [20151123-23:07:22.916] thr=1   paramiko.transport: Authentication (publickey) failed.
DEB [20151123-23:07:22.918] thr=2   paramiko.transport: Trying SSH agent key 70de51150f04055612750c3a3206d20f
DEB [20151123-23:07:22.956] thr=1   paramiko.transport: userauth is OK
INF [20151123-23:07:22.996] thr=1   paramiko.transport: Authentication (publickey) failed.
DEB [20151123-23:07:23.021] thr=2   paramiko.transport: Trying discovered key 70de51150f04055612750c3a3206d20f in /home/ricardo/.ssh/id_rsa
DEB [20151123-23:07:23.049] thr=1   paramiko.transport: userauth is OK
INF [20151123-23:07:23.265] thr=1   paramiko.transport: Authentication (publickey) failed.
DEB [20151123-23:07:23.288] thr=1   paramiko.transport: userauth is OK
INF [20151123-23:07:23.322] thr=1   paramiko.transport: Authentication (password) successful!
DEB [20151123-23:07:23.330] thr=2   paramiko.transport: [chan 1] Max packet in: 34816 bytes
DEB [20151123-23:07:23.443] thr=1   paramiko.transport: [chan 1] Max packet out: 32768 bytes
INF [20151123-23:07:23.443] thr=1   paramiko.transport: Secsh channel 1 opened.
DEB [20151123-23:07:23.472] thr=1   paramiko.transport: [chan 1] Sesch channel 1 request ok
DEB [20151123-23:07:23.501] thr=1   paramiko.transport: [chan 1] Sesch channel 1 request ok
DEB [20151123-23:07:24.085] thr=1   paramiko.transport: [chan 1] EOF received (1)
DEB [20151123-23:07:24.086] thr=1   paramiko.transport: [chan 1] EOF sent (1)
DEB [20151123-23:07:24.106] thr=2   paramiko.transport: [chan 2] Max packet in: 34816 bytes
DEB [20151123-23:07:24.178] thr=1   paramiko.transport: [chan 2] Max packet out: 32768 bytes
INF [20151123-23:07:24.179] thr=1   paramiko.transport: Secsh channel 2 opened.
DEB [20151123-23:07:24.238] thr=1   paramiko.transport: [chan 2] Sesch channel 2 request ok
DEB [20151123-23:07:24.264] thr=1   paramiko.transport: [chan 2] Sesch channel 2 request ok
DEB [20151123-23:07:24.568] thr=1   paramiko.transport: [chan 2] EOF received (2)
DEB [20151123-23:07:24.569] thr=1   paramiko.transport: [chan 2] EOF sent (2)
DEB [20151123-23:07:40.766] thr=2   paramiko.transport: [chan 3] Max packet in: 34816 bytes
DEB [20151123-23:07:40.790] thr=1   paramiko.transport: [chan 3] Max packet out: 32768 bytes
INF [20151123-23:07:40.791] thr=1   paramiko.transport: Secsh channel 3 opened.
DEB [20151123-23:07:40.823] thr=1   paramiko.transport: [chan 3] Sesch channel 3 request ok
DEB [20151123-23:07:40.849] thr=1   paramiko.transport: [chan 3] Sesch channel 3 request ok
DEB [20151123-23:07:41.196] thr=1   paramiko.transport: [chan 3] EOF received (3)
DEB [20151123-23:07:41.196] thr=1   paramiko.transport: [chan 3] EOF sent (3)
DEB [20151123-23:07:41.215] thr=2   paramiko.transport: [chan 4] Max packet in: 34816 bytes
DEB [20151123-23:07:41.281] thr=1   paramiko.transport: [chan 4] Max packet out: 32768 bytes
INF [20151123-23:07:41.281] thr=1   paramiko.transport: Secsh channel 4 opened.
DEB [20151123-23:07:41.340] thr=1   paramiko.transport: [chan 4] Sesch channel 4 request ok
DEB [20151123-23:07:41.365] thr=1   paramiko.transport: [chan 4] Sesch channel 4 request ok
DEB [20151123-23:07:41.733] thr=1   paramiko.transport: [chan 4] EOF received (4)
DEB [20151123-23:07:41.734] thr=1   paramiko.transport: [chan 4] EOF sent (4)
DEB [20151123-23:07:41.769] thr=2   paramiko.transport: [chan 5] Max packet in: 34816 bytes
DEB [20151123-23:07:41.818] thr=1   paramiko.transport: [chan 5] Max packet out: 32768 bytes
INF [20151123-23:07:41.819] thr=1   paramiko.transport: Secsh channel 5 opened.
DEB [20151123-23:07:41.858] thr=1   paramiko.transport: [chan 5] Sesch channel 5 request ok
DEB [20151123-23:07:41.882] thr=1   paramiko.transport: [chan 5] Sesch channel 5 request ok
DEB [20151123-23:07:41.948] thr=1   paramiko.transport: [chan 5] EOF received (5)
DEB [20151123-23:07:41.950] thr=1   paramiko.transport: [chan 5] EOF sent (5)
DEB [20151123-23:07:41.970] thr=2   paramiko.transport: [chan 6] Max packet in: 34816 bytes
DEB [20151123-23:07:42.033] thr=1   paramiko.transport: [chan 6] Max packet out: 32768 bytes
INF [20151123-23:07:42.033] thr=1   paramiko.transport: Secsh channel 6 opened.
DEB [20151123-23:07:42.058] thr=1   paramiko.transport: [chan 6] Sesch channel 6 request ok
DEB [20151123-23:07:42.083] thr=1   paramiko.transport: [chan 6] Sesch channel 6 request ok
DEB [20151123-23:07:42.142] thr=1   paramiko.transport: [chan 6] EOF received (6)
DEB [20151123-23:07:42.143] thr=1   paramiko.transport: [chan 6] EOF sent (6)
DEB [20151123-23:07:42.149] thr=2   paramiko.transport: [chan 7] Max packet in: 34816 bytes
DEB [20151123-23:07:42.231] thr=1   paramiko.transport: [chan 7] Max packet out: 32768 bytes
INF [20151123-23:07:42.231] thr=1   paramiko.transport: Secsh channel 7 opened.
DEB [20151123-23:07:42.277] thr=1   paramiko.transport: [chan 7] Sesch channel 7 request ok
DEB [20151123-23:07:42.301] thr=1   paramiko.transport: [chan 7] Sesch channel 7 request ok
DEB [20151123-23:07:42.358] thr=1   paramiko.transport: [chan 7] EOF received (7)
DEB [20151123-23:07:42.359] thr=1   paramiko.transport: [chan 7] EOF sent (7)
DEB [20151123-23:07:43.041] thr=2   paramiko.transport: [chan 8] Max packet in: 34816 bytes
DEB [20151123-23:07:43.065] thr=1   paramiko.transport: [chan 8] Max packet out: 32768 bytes
INF [20151123-23:07:43.065] thr=1   paramiko.transport: Secsh channel 8 opened.
DEB [20151123-23:07:43.098] thr=1   paramiko.transport: [chan 8] Sesch channel 8 request ok
DEB [20151123-23:07:43.123] thr=1   paramiko.transport: [chan 8] Sesch channel 8 request ok
DEB [20151123-23:07:43.179] thr=1   paramiko.transport: [chan 8] EOF received (8)
DEB [20151123-23:07:43.180] thr=1   paramiko.transport: [chan 8] EOF sent (8)
DEB [20151123-23:07:43.190] thr=2   paramiko.transport: [chan 9] Max packet in: 34816 bytes
DEB [20151123-23:07:43.269] thr=1   paramiko.transport: [chan 9] Max packet out: 32768 bytes
INF [20151123-23:07:43.269] thr=1   paramiko.transport: Secsh channel 9 opened.
DEB [20151123-23:07:43.315] thr=1   paramiko.transport: [chan 9] Sesch channel 9 request ok
DEB [20151123-23:07:43.340] thr=1   paramiko.transport: [chan 9] Sesch channel 9 request ok
DEB [20151123-23:07:43.478] thr=1   paramiko.transport: [chan 9] EOF received (9)
DEB [20151123-23:07:43.479] thr=1   paramiko.transport: [chan 9] EOF sent (9)
DEB [20151123-23:07:43.507] thr=2   paramiko.transport: [chan 10] Max packet in: 34816 bytes
DEB [20151123-23:07:43.566] thr=1   paramiko.transport: [chan 10] Max packet out: 32768 bytes
INF [20151123-23:07:43.566] thr=1   paramiko.transport: Secsh channel 10 opened.
DEB [20151123-23:07:43.595] thr=1   paramiko.transport: [chan 10] Sesch channel 10 request ok
DEB [20151123-23:07:43.620] thr=1   paramiko.transport: [chan 10] Sesch channel 10 request ok
DEB [20151123-23:07:43.685] thr=1   paramiko.transport: [chan 10] EOF received (10)
DEB [20151123-23:07:43.686] thr=1   paramiko.transport: [chan 10] EOF sent (10)
DEB [20151123-23:07:43.722] thr=2   paramiko.transport: [chan 11] Max packet in: 34816 bytes
DEB [20151123-23:07:43.773] thr=1   paramiko.transport: [chan 11] Max packet out: 32768 bytes
INF [20151123-23:07:43.774] thr=1   paramiko.transport: Secsh channel 11 opened.
DEB [20151123-23:07:43.810] thr=1   paramiko.transport: [chan 11] Sesch channel 11 request ok
DEB [20151123-23:07:43.834] thr=1   paramiko.transport: [chan 11] Sesch channel 11 request ok
DEB [20151123-23:07:43.893] thr=1   paramiko.transport: [chan 11] EOF received (11)
DEB [20151123-23:07:43.894] thr=1   paramiko.transport: [chan 11] EOF sent (11)
DEB [20151123-23:07:43.902] thr=2   paramiko.transport: [chan 12] Max packet in: 34816 bytes
DEB [20151123-23:07:43.984] thr=1   paramiko.transport: [chan 12] Max packet out: 32768 bytes
INF [20151123-23:07:43.984] thr=1   paramiko.transport: Secsh channel 12 opened.
DEB [20151123-23:07:44.028] thr=1   paramiko.transport: [chan 12] Sesch channel 12 request ok
DEB [20151123-23:07:44.052] thr=1   paramiko.transport: [chan 12] Sesch channel 12 request ok
DEB [20151123-23:07:44.111] thr=1   paramiko.transport: [chan 12] EOF received (12)
DEB [20151123-23:07:44.112] thr=1   paramiko.transport: [chan 12] EOF sent (12)
DEB [20151123-23:07:44.778] thr=2   paramiko.transport: [chan 13] Max packet in: 34816 bytes
DEB [20151123-23:07:44.802] thr=1   paramiko.transport: [chan 13] Max packet out: 32768 bytes
INF [20151123-23:07:44.802] thr=1   paramiko.transport: Secsh channel 13 opened.
DEB [20151123-23:07:44.834] thr=1   paramiko.transport: [chan 13] Sesch channel 13 request ok
DEB [20151123-23:07:44.858] thr=1   paramiko.transport: [chan 13] Sesch channel 13 request ok
DEB [20151123-23:07:44.918] thr=1   paramiko.transport: [chan 13] EOF received (13)
DEB [20151123-23:07:44.918] thr=1   paramiko.transport: [chan 13] EOF sent (13)
DEB [20151123-23:07:44.926] thr=2   paramiko.transport: [chan 14] Max packet in: 34816 bytes
DEB [20151123-23:07:45.001] thr=1   paramiko.transport: [chan 14] Max packet out: 32768 bytes
INF [20151123-23:07:45.001] thr=1   paramiko.transport: Secsh channel 14 opened.
DEB [20151123-23:07:45.128] thr=1   paramiko.transport: [chan 14] Sesch channel 14 request ok
DEB [20151123-23:07:45.155] thr=1   paramiko.transport: [chan 14] Sesch channel 14 request ok
DEB [20151123-23:07:45.219] thr=1   paramiko.transport: [chan 14] EOF received (14)
DEB [20151123-23:07:45.220] thr=1   paramiko.transport: [chan 14] EOF sent (14)
DEB [20151123-23:07:45.229] thr=2   paramiko.transport: [chan 15] Max packet in: 34816 bytes
DEB [20151123-23:07:45.305] thr=1   paramiko.transport: [chan 15] Max packet out: 32768 bytes
INF [20151123-23:07:45.305] thr=1   paramiko.transport: Secsh channel 15 opened.
DEB [20151123-23:07:45.353] thr=1   paramiko.transport: [chan 15] Sesch channel 15 request ok
DEB [20151123-23:07:45.378] thr=1   paramiko.transport: [chan 15] Sesch channel 15 request ok
DEB [20151123-23:07:45.443] thr=1   paramiko.transport: [chan 15] EOF received (15)
DEB [20151123-23:07:45.445] thr=1   paramiko.transport: [chan 15] EOF sent (15)
DEB [20151123-23:07:45.453] thr=2   paramiko.transport: [chan 16] Max packet in: 34816 bytes
DEB [20151123-23:07:45.531] thr=1   paramiko.transport: [chan 16] Max packet out: 32768 bytes
INF [20151123-23:07:45.531] thr=1   paramiko.transport: Secsh channel 16 opened.
DEB [20151123-23:07:45.578] thr=1   paramiko.transport: [chan 16] Sesch channel 16 request ok
DEB [20151123-23:07:45.603] thr=1   paramiko.transport: [chan 16] Sesch channel 16 request ok
DEB [20151123-23:07:45.652] thr=1   paramiko.transport: [chan 16] EOF received (16)
DEB [20151123-23:07:45.653] thr=1   paramiko.transport: [chan 16] EOF sent (16)
DEB [20151123-23:07:45.670] thr=2   paramiko.transport: [chan 17] Max packet in: 34816 bytes
DEB [20151123-23:07:45.740] thr=1   paramiko.transport: [chan 17] Max packet out: 32768 bytes
INF [20151123-23:07:45.740] thr=1   paramiko.transport: Secsh channel 17 opened.
DEB [20151123-23:07:45.795] thr=1   paramiko.transport: [chan 17] Sesch channel 17 request ok
DEB [20151123-23:07:45.820] thr=1   paramiko.transport: [chan 17] Sesch channel 17 request ok
DEB [20151123-23:07:45.878] thr=1   paramiko.transport: [chan 17] EOF received (17)
DEB [20151123-23:07:45.879] thr=1   paramiko.transport: [chan 17] EOF sent (17)
DEB [20151123-23:07:46.611] thr=2   paramiko.transport: [chan 18] Max packet in: 34816 bytes
DEB [20151123-23:07:46.635] thr=1   paramiko.transport: [chan 18] Max packet out: 32768 bytes
INF [20151123-23:07:46.635] thr=1   paramiko.transport: Secsh channel 18 opened.
DEB [20151123-23:07:46.668] thr=1   paramiko.transport: [chan 18] Sesch channel 18 request ok
DEB [20151123-23:07:46.693] thr=1   paramiko.transport: [chan 18] Sesch channel 18 request ok
DEB [20151123-23:07:46.753] thr=1   paramiko.transport: [chan 18] EOF received (18)
DEB [20151123-23:07:46.753] thr=1   paramiko.transport: [chan 18] EOF sent (18)
DEB [20151123-23:07:46.759] thr=2   paramiko.transport: [chan 19] Max packet in: 34816 bytes
DEB [20151123-23:07:46.839] thr=1   paramiko.transport: [chan 19] Max packet out: 32768 bytes
INF [20151123-23:07:46.839] thr=1   paramiko.transport: Secsh channel 19 opened.
DEB [20151123-23:07:46.884] thr=1   paramiko.transport: [chan 19] Sesch channel 19 request ok
DEB [20151123-23:07:46.909] thr=1   paramiko.transport: [chan 19] Sesch channel 19 request ok
DEB [20151123-23:07:46.968] thr=1   paramiko.transport: [chan 19] EOF received (19)
DEB [20151123-23:07:46.969] thr=1   paramiko.transport: [chan 19] EOF sent (19)
DEB [20151123-23:07:46.976] thr=2   paramiko.transport: [chan 20] Max packet in: 34816 bytes
DEB [20151123-23:07:47.058] thr=1   paramiko.transport: [chan 20] Max packet out: 32768 bytes
INF [20151123-23:07:47.058] thr=1   paramiko.transport: Secsh channel 20 opened.
DEB [20151123-23:07:47.101] thr=1   paramiko.transport: [chan 20] Sesch channel 20 request ok
DEB [20151123-23:07:47.125] thr=1   paramiko.transport: [chan 20] Sesch channel 20 request ok
DEB [20151123-23:07:47.191] thr=1   paramiko.transport: [chan 20] EOF received (20)
DEB [20151123-23:07:47.193] thr=1   paramiko.transport: [chan 20] EOF sent (20)
DEB [20151123-23:07:47.294] thr=1   paramiko.transport: EOF in transport thread
